     1 00000000                                 [FORMAT "WCOFF"]
     2 00000000                                 [INSTRSET "i486p"]
     3 00000000                                 [OPTIMIZE 1]
     4 00000000                                 [OPTION 1]
     5 00000000                                 [BITS 32]
     6 00000000                                 	EXTERN	_init_gdtidt
     7 00000000                                 	EXTERN	_init_pic
     8 00000000                                 	EXTERN	_io_sti
     9 00000000                                 	EXTERN	_fifo32_init
    10 00000000                                 	EXTERN	_init_pit
    11 00000000                                 	EXTERN	_init_keyboard
    12 00000000                                 	EXTERN	_enable_mouse
    13 00000000                                 	EXTERN	_io_out8
    14 00000000                                 	EXTERN	_timer_alloc
    15 00000000                                 	EXTERN	_timer_init
    16 00000000                                 	EXTERN	_timer_settime
    17 00000000                                 	EXTERN	_memtest
    18 00000000                                 	EXTERN	_memman_init
    19 00000000                                 	EXTERN	_memman_free
    20 00000000                                 	EXTERN	_init_palette
    21 00000000                                 	EXTERN	_shtctl_init
    22 00000000                                 	EXTERN	_sheet_alloc
    23 00000000                                 	EXTERN	_memman_alloc_4k
    24 00000000                                 	EXTERN	_sheet_setbuf
    25 00000000                                 	EXTERN	_init_screen8
    26 00000000                                 	EXTERN	_init_mouse_cursor8
    27 00000000                                 	EXTERN	_sheet_slide
    28 00000000                                 	EXTERN	_sheet_updown
    29 00000000                                 	EXTERN	_sprintf
    30 00000000                                 	EXTERN	_memman_total
    31 00000000                                 	EXTERN	_set_segmdesc
    32 00000000                                 	EXTERN	_load_tr
    33 00000000                                 	EXTERN	_io_cli
    34 00000000                                 	EXTERN	_fifo32_status
    35 00000000                                 	EXTERN	_fifo32_get
    36 00000000                                 	EXTERN	_boxfill8
    37 00000000                                 	EXTERN	_sheet_refresh
    38 00000000                                 	EXTERN	_mouse_decode
    39 00000000                                 	EXTERN	_keytable.0
    40 00000000                                 	EXTERN	_farjmp
    41 00000000                                 	EXTERN	_io_stihlt
    42 00000000                                 	EXTERN	_putfonts8_asc
    43 00000000                                 	EXTERN	_io_hlt
    44 00000000                                 [FILE "bootpack.c"]
    45                                          [SECTION .data]
    46 00000000                                 _keytable.0:
    47 00000000 00                              	DB	0
    48 00000001 00                              	DB	0
    49 00000002 31                              	DB	49
    50 00000003 32                              	DB	50
    51 00000004 33                              	DB	51
    52 00000005 34                              	DB	52
    53 00000006 35                              	DB	53
    54 00000007 36                              	DB	54
    55 00000008 37                              	DB	55
    56 00000009 38                              	DB	56
    57 0000000A 39                              	DB	57
    58 0000000B 30                              	DB	48
    59 0000000C 2D                              	DB	45
    60 0000000D 5E                              	DB	94
    61 0000000E 00                              	DB	0
    62 0000000F 00                              	DB	0
    63 00000010 51                              	DB	81
    64 00000011 57                              	DB	87
    65 00000012 45                              	DB	69
    66 00000013 52                              	DB	82
    67 00000014 54                              	DB	84
    68 00000015 59                              	DB	89
    69 00000016 55                              	DB	85
    70 00000017 49                              	DB	73
    71 00000018 4F                              	DB	79
    72 00000019 50                              	DB	80
    73 0000001A 40                              	DB	64
    74 0000001B 5B                              	DB	91
    75 0000001C 00                              	DB	0
    76 0000001D 00                              	DB	0
    77 0000001E 41                              	DB	65
    78 0000001F 53                              	DB	83
    79 00000020 44                              	DB	68
    80 00000021 46                              	DB	70
    81 00000022 47                              	DB	71
    82 00000023 48                              	DB	72
    83 00000024 4A                              	DB	74
    84 00000025 4B                              	DB	75
    85 00000026 4C                              	DB	76
    86 00000027 3B                              	DB	59
    87 00000028 3A                              	DB	58
    88 00000029 00                              	DB	0
    89 0000002A 00                              	DB	0
    90 0000002B 5D                              	DB	93
    91 0000002C 5A                              	DB	90
    92 0000002D 58                              	DB	88
    93 0000002E 43                              	DB	67
    94 0000002F 56                              	DB	86
    95 00000030 42                              	DB	66
    96 00000031 4E                              	DB	78
    97 00000032 4D                              	DB	77
    98 00000033 2C                              	DB	44
    99 00000034 2E                              	DB	46
   100 00000035 2F                              	DB	47
   101 00000036 00                              	DB	0
   102 00000037 2A                              	DB	42
   103 00000038 00                              	DB	0
   104 00000039 20                              	DB	32
   105 0000003A 00                              	DB	0
   106 0000003B 00                              	DB	0
   107 0000003C 00                              	DB	0
   108 0000003D 00                              	DB	0
   109 0000003E 00                              	DB	0
   110 0000003F 00                              	DB	0
   111 00000040 00                              	DB	0
   112 00000041 00                              	DB	0
   113 00000042 00                              	DB	0
   114 00000043 00                              	DB	0
   115 00000044 00                              	DB	0
   116 00000045 00                              	DB	0
   117 00000046 00                              	DB	0
   118 00000047 37                              	DB	55
   119 00000048 38                              	DB	56
   120 00000049 39                              	DB	57
   121 0000004A 2D                              	DB	45
   122 0000004B 34                              	DB	52
   123 0000004C 35                              	DB	53
   124 0000004D 36                              	DB	54
   125 0000004E 2B                              	DB	43
   126 0000004F 31                              	DB	49
   127 00000050 32                              	DB	50
   128 00000051 33                              	DB	51
   129 00000052 30                              	DB	48
   130 00000053 2E                              	DB	46
   131 00000054                                 LC0:
   132 00000054 77 69 6E 64 6F 77 00            	DB	"window",0x00
   133 0000005B                                 LC1:
   134 0000005B 28 25 33 64 2C 20 25 33 64 29   	DB	"(%3d, %3d)",0x00
       00000065 00 
   135 00000066                                 LC2:
   136 00000066 6D 65 6D 6F 72 79 20 25 64 4D   	DB	"memory %dMB   free : %dKB",0x00
       00000070 42 20 20 20 66 72 65 65 20 3A 
       0000007A 20 25 64 4B 42 00 
   137 00000080                                 LC7:
   138 00000080 33 5B 73 65 63 5D 00            	DB	"3[sec]",0x00
   139 00000087                                 LC6:
   140 00000087 31 30 5B 73 65 63 5D 00         	DB	"10[sec]",0x00
   141 0000008F                                 LC5:
   142 0000008F 5B 6C 63 72 20 25 34 64 20 25   	DB	"[lcr %4d %4d]",0x00
       00000099 34 64 5D 00 
   143 0000009D                                 LC3:
   144 0000009D 25 30 32 58 00                  	DB	"%02X",0x00
   145 000000A2                                 LC4:
   146 000000A2 20 00                           	DB	" ",0x00
   147                                          [SECTION .text]
   148 00000000                                 	GLOBAL	_HariMain
   149 00000000                                 _HariMain:
   150 00000000 55                              	PUSH	EBP
   151 00000001 89 E5                           	MOV	EBP,ESP
   152 00000003 57                              	PUSH	EDI
   153 00000004 56                              	PUSH	ESI
   154 00000005 53                              	PUSH	EBX
   155 00000006 8D 75 D4                        	LEA	ESI,DWORD [-44+EBP]
   156 00000009 81 EC 0000046C                  	SUB	ESP,1132
   157 0000000F E8 [00000000]                   	CALL	_init_gdtidt
   158 00000014 E8 [00000000]                   	CALL	_init_pic
   159 00000019 E8 [00000000]                   	CALL	_io_sti
   160 0000001E 8D 85 FFFFFDA4                  	LEA	EAX,DWORD [-604+EBP]
   161 00000024 50                              	PUSH	EAX
   162 00000025 68 00000080                     	PUSH	128
   163 0000002A 56                              	PUSH	ESI
   164 0000002B E8 [00000000]                   	CALL	_fifo32_init
   165 00000030 E8 [00000000]                   	CALL	_init_pit
   166 00000035 68 00000100                     	PUSH	256
   167 0000003A 56                              	PUSH	ESI
   168 0000003B E8 [00000000]                   	CALL	_init_keyboard
   169 00000040 8D 85 FFFFFD94                  	LEA	EAX,DWORD [-620+EBP]
   170 00000046 50                              	PUSH	EAX
   171 00000047 68 00000200                     	PUSH	512
   172 0000004C 56                              	PUSH	ESI
   173 0000004D E8 [00000000]                   	CALL	_enable_mouse
   174 00000052 83 C4 20                        	ADD	ESP,32
   175 00000055 68 000000F8                     	PUSH	248
   176 0000005A 6A 21                           	PUSH	33
   177 0000005C E8 [00000000]                   	CALL	_io_out8
   178 00000061 68 000000EF                     	PUSH	239
   179 00000066 68 000000A1                     	PUSH	161
   180 0000006B E8 [00000000]                   	CALL	_io_out8
   181 00000070 E8 [00000000]                   	CALL	_timer_alloc
   182 00000075 6A 0A                           	PUSH	10
   183 00000077 56                              	PUSH	ESI
   184 00000078 89 C3                           	MOV	EBX,EAX
   185 0000007A 50                              	PUSH	EAX
   186 0000007B E8 [00000000]                   	CALL	_timer_init
   187 00000080 68 000003E8                     	PUSH	1000
   188 00000085 53                              	PUSH	EBX
   189 00000086 E8 [00000000]                   	CALL	_timer_settime
   190 0000008B 83 C4 24                        	ADD	ESP,36
   191 0000008E E8 [00000000]                   	CALL	_timer_alloc
   192 00000093 6A 03                           	PUSH	3
   193 00000095 89 C3                           	MOV	EBX,EAX
   194 00000097 56                              	PUSH	ESI
   195 00000098 50                              	PUSH	EAX
   196 00000099 E8 [00000000]                   	CALL	_timer_init
   197 0000009E 68 0000012C                     	PUSH	300
   198 000000A3 53                              	PUSH	EBX
   199 000000A4 E8 [00000000]                   	CALL	_timer_settime
   200 000000A9 E8 [00000000]                   	CALL	_timer_alloc
   201 000000AE 6A 01                           	PUSH	1
   202 000000B0 56                              	PUSH	ESI
   203 000000B1 50                              	PUSH	EAX
   204 000000B2 89 85 FFFFFBB0                  	MOV	DWORD [-1104+EBP],EAX
   205 000000B8 E8 [00000000]                   	CALL	_timer_init
   206 000000BD 83 C4 20                        	ADD	ESP,32
   207 000000C0 6A 32                           	PUSH	50
   208 000000C2 FF B5 FFFFFBB0                  	PUSH	DWORD [-1104+EBP]
   209 000000C8 E8 [00000000]                   	CALL	_timer_settime
   210 000000CD E8 [00000000]                   	CALL	_timer_alloc
   211 000000D2 6A 02                           	PUSH	2
   212 000000D4 56                              	PUSH	ESI
   213 000000D5 50                              	PUSH	EAX
   214 000000D6 89 85 FFFFFBAC                  	MOV	DWORD [-1108+EBP],EAX
   215 000000DC E8 [00000000]                   	CALL	_timer_init
   216 000000E1 6A 02                           	PUSH	2
   217 000000E3 FF B5 FFFFFBAC                  	PUSH	DWORD [-1108+EBP]
   218 000000E9 E8 [00000000]                   	CALL	_timer_settime
   219 000000EE 68 BFFFFFFF                     	PUSH	-1073741825
   220 000000F3 68 00400000                     	PUSH	4194304
   221 000000F8 E8 [00000000]                   	CALL	_memtest
   222 000000FD 83 C4 24                        	ADD	ESP,36
   223 00000100 68 003C0000                     	PUSH	3932160
   224 00000105 89 85 FFFFFB9C                  	MOV	DWORD [-1124+EBP],EAX
   225 0000010B E8 [00000000]                   	CALL	_memman_init
   226 00000110 68 0009E000                     	PUSH	647168
   227 00000115 68 00001000                     	PUSH	4096
   228 0000011A 68 003C0000                     	PUSH	3932160
   229 0000011F E8 [00000000]                   	CALL	_memman_free
   230 00000124 8B 85 FFFFFB9C                  	MOV	EAX,DWORD [-1124+EBP]
   231 0000012A 2D 00400000                     	SUB	EAX,4194304
   232 0000012F 50                              	PUSH	EAX
   233 00000130 68 00400000                     	PUSH	4194304
   234 00000135 68 003C0000                     	PUSH	3932160
   235 0000013A E8 [00000000]                   	CALL	_memman_free
   236 0000013F E8 [00000000]                   	CALL	_init_palette
   237 00000144 0F BF 05 00000FF6               	MOVSX	EAX,WORD [4086]
   238 0000014B 50                              	PUSH	EAX
   239 0000014C 0F BF 05 00000FF4               	MOVSX	EAX,WORD [4084]
   240 00000153 50                              	PUSH	EAX
   241 00000154 FF 35 00000FF8                  	PUSH	DWORD [4088]
   242 0000015A 68 003C0000                     	PUSH	3932160
   243 0000015F E8 [00000000]                   	CALL	_shtctl_init
   244 00000164 83 C4 2C                        	ADD	ESP,44
   245 00000167 89 C3                           	MOV	EBX,EAX
   246 00000169 50                              	PUSH	EAX
   247 0000016A E8 [00000000]                   	CALL	_sheet_alloc
   248 0000016F 53                              	PUSH	EBX
   249 00000170 89 85 FFFFFB98                  	MOV	DWORD [-1128+EBP],EAX
   250 00000176 E8 [00000000]                   	CALL	_sheet_alloc
   251 0000017B 53                              	PUSH	EBX
   252 0000017C 8D 9D FFFFFC94                  	LEA	EBX,DWORD [-876+EBP]
   253 00000182 89 85 FFFFFB94                  	MOV	DWORD [-1132+EBP],EAX
   254 00000188 E8 [00000000]                   	CALL	_sheet_alloc
   255 0000018D 0F BF 15 00000FF6               	MOVSX	EDX,WORD [4086]
   256 00000194 89 85 FFFFFB90                  	MOV	DWORD [-1136+EBP],EAX
   257 0000019A 0F BF 05 00000FF4               	MOVSX	EAX,WORD [4084]
   258 000001A1 0F AF C2                        	IMUL	EAX,EDX
   259 000001A4 50                              	PUSH	EAX
   260 000001A5 68 003C0000                     	PUSH	3932160
   261 000001AA E8 [00000000]                   	CALL	_memman_alloc_4k
   262 000001AF 68 00002080                     	PUSH	8320
   263 000001B4 68 003C0000                     	PUSH	3932160
   264 000001B9 89 C6                           	MOV	ESI,EAX
   265 000001BB E8 [00000000]                   	CALL	_memman_alloc_4k
   266 000001C0 6A FF                           	PUSH	-1
   267 000001C2 89 C7                           	MOV	EDI,EAX
   268 000001C4 0F BF 05 00000FF6               	MOVSX	EAX,WORD [4086]
   269 000001CB 50                              	PUSH	EAX
   270 000001CC 0F BF 05 00000FF4               	MOVSX	EAX,WORD [4084]
   271 000001D3 50                              	PUSH	EAX
   272 000001D4 56                              	PUSH	ESI
   273 000001D5 FF B5 FFFFFB98                  	PUSH	DWORD [-1128+EBP]
   274 000001DB E8 [00000000]                   	CALL	_sheet_setbuf
   275 000001E0 83 C4 30                        	ADD	ESP,48
   276 000001E3 6A 63                           	PUSH	99
   277 000001E5 6A 10                           	PUSH	16
   278 000001E7 6A 10                           	PUSH	16
   279 000001E9 53                              	PUSH	EBX
   280 000001EA FF B5 FFFFFB94                  	PUSH	DWORD [-1132+EBP]
   281 000001F0 E8 [00000000]                   	CALL	_sheet_setbuf
   282 000001F5 6A FF                           	PUSH	-1
   283 000001F7 6A 34                           	PUSH	52
   284 000001F9 68 000000A0                     	PUSH	160
   285 000001FE 57                              	PUSH	EDI
   286 000001FF FF B5 FFFFFB90                  	PUSH	DWORD [-1136+EBP]
   287 00000205 E8 [00000000]                   	CALL	_sheet_setbuf
   288 0000020A 83 C4 28                        	ADD	ESP,40
   289 0000020D 0F BF 05 00000FF6               	MOVSX	EAX,WORD [4086]
   290 00000214 50                              	PUSH	EAX
   291 00000215 0F BF 05 00000FF4               	MOVSX	EAX,WORD [4084]
   292 0000021C 50                              	PUSH	EAX
   293 0000021D 56                              	PUSH	ESI
   294 0000021E E8 [00000000]                   	CALL	_init_screen8
   295 00000223 6A 63                           	PUSH	99
   296 00000225 53                              	PUSH	EBX
   297 00000226 BB 00000002                     	MOV	EBX,2
   298 0000022B E8 [00000000]                   	CALL	_init_mouse_cursor8
   299 00000230 68 [00000054]                   	PUSH	LC0
   300 00000235 6A 34                           	PUSH	52
   301 00000237 68 000000A0                     	PUSH	160
   302 0000023C 57                              	PUSH	EDI
   303 0000023D E8 000005CB                     	CALL	_make_window8
   304 00000242 83 C4 24                        	ADD	ESP,36
   305 00000245 6A 07                           	PUSH	7
   306 00000247 6A 10                           	PUSH	16
   307 00000249 68 00000090                     	PUSH	144
   308 0000024E 6A 1C                           	PUSH	28
   309 00000250 6A 08                           	PUSH	8
   310 00000252 FF B5 FFFFFB90                  	PUSH	DWORD [-1136+EBP]
   311 00000258 E8 000007A3                     	CALL	_make_textbox8
   312 0000025D 6A 00                           	PUSH	0
   313 0000025F 6A 00                           	PUSH	0
   314 00000261 FF B5 FFFFFB98                  	PUSH	DWORD [-1128+EBP]
   315 00000267 C7 85 FFFFFBA4 00000008         	MOV	DWORD [-1116+EBP],8
   316 00000271 C7 85 FFFFFBA0 00000007         	MOV	DWORD [-1120+EBP],7
   317 0000027B E8 [00000000]                   	CALL	_sheet_slide
   318 00000280 83 C4 24                        	ADD	ESP,36
   319 00000283 0F BF 05 00000FF4               	MOVSX	EAX,WORD [4084]
   320 0000028A 8D 48 F0                        	LEA	ECX,DWORD [-16+EAX]
   321 0000028D 89 C8                           	MOV	EAX,ECX
   322 0000028F 99                              	CDQ
   323 00000290 F7 FB                           	IDIV	EBX
   324 00000292 89 85 FFFFFBA8                  	MOV	DWORD [-1112+EBP],EAX
   325 00000298 0F BF 05 00000FF6               	MOVSX	EAX,WORD [4086]
   326 0000029F 8D 48 D4                        	LEA	ECX,DWORD [-44+EAX]
   327 000002A2 89 C8                           	MOV	EAX,ECX
   328 000002A4 99                              	CDQ
   329 000002A5 F7 FB                           	IDIV	EBX
   330 000002A7 50                              	PUSH	EAX
   331 000002A8 89 C7                           	MOV	EDI,EAX
   332 000002AA FF B5 FFFFFBA8                  	PUSH	DWORD [-1112+EBP]
   333 000002B0 FF B5 FFFFFB94                  	PUSH	DWORD [-1132+EBP]
   334 000002B6 8D 5D A4                        	LEA	EBX,DWORD [-92+EBP]
   335 000002B9 E8 [00000000]                   	CALL	_sheet_slide
   336 000002BE 6A 48                           	PUSH	72
   337 000002C0 6A 50                           	PUSH	80
   338 000002C2 FF B5 FFFFFB90                  	PUSH	DWORD [-1136+EBP]
   339 000002C8 E8 [00000000]                   	CALL	_sheet_slide
   340 000002CD 6A 00                           	PUSH	0
   341 000002CF FF B5 FFFFFB98                  	PUSH	DWORD [-1128+EBP]
   342 000002D5 E8 [00000000]                   	CALL	_sheet_updown
   343 000002DA 83 C4 20                        	ADD	ESP,32
   344 000002DD 6A 01                           	PUSH	1
   345 000002DF FF B5 FFFFFB90                  	PUSH	DWORD [-1136+EBP]
   346 000002E5 E8 [00000000]                   	CALL	_sheet_updown
   347 000002EA 6A 02                           	PUSH	2
   348 000002EC FF B5 FFFFFB94                  	PUSH	DWORD [-1132+EBP]
   349 000002F2 E8 [00000000]                   	CALL	_sheet_updown
   350 000002F7 57                              	PUSH	EDI
   351 000002F8 FF B5 FFFFFBA8                  	PUSH	DWORD [-1112+EBP]
   352 000002FE 68 [0000005B]                   	PUSH	LC1
   353 00000303 53                              	PUSH	EBX
   354 00000304 E8 [00000000]                   	CALL	_sprintf
   355 00000309 83 C4 20                        	ADD	ESP,32
   356 0000030C 6A 0A                           	PUSH	10
   357 0000030E 53                              	PUSH	EBX
   358 0000030F 6A 0E                           	PUSH	14
   359 00000311 6A 07                           	PUSH	7
   360 00000313 6A 00                           	PUSH	0
   361 00000315 6A 00                           	PUSH	0
   362 00000317 FF B5 FFFFFB98                  	PUSH	DWORD [-1128+EBP]
   363 0000031D E8 00000657                     	CALL	_putfonts8_asc_sht
   364 00000322 68 003C0000                     	PUSH	3932160
   365 00000327 E8 [00000000]                   	CALL	_memman_total
   366 0000032C C1 AD FFFFFB9C 14               	SHR	DWORD [-1124+EBP],20
   367 00000333 C1 E8 0A                        	SHR	EAX,10
   368 00000336 89 04 24                        	MOV	DWORD [ESP],EAX
   369 00000339 FF B5 FFFFFB9C                  	PUSH	DWORD [-1124+EBP]
   370 0000033F 68 [00000066]                   	PUSH	LC2
   371 00000344 53                              	PUSH	EBX
   372 00000345 E8 [00000000]                   	CALL	_sprintf
   373 0000034A 83 C4 2C                        	ADD	ESP,44
   374 0000034D 6A 28                           	PUSH	40
   375 0000034F 53                              	PUSH	EBX
   376 00000350 6A 0E                           	PUSH	14
   377 00000352 6A 07                           	PUSH	7
   378 00000354 6A 20                           	PUSH	32
   379 00000356 6A 00                           	PUSH	0
   380 00000358 FF B5 FFFFFB98                  	PUSH	DWORD [-1128+EBP]
   381 0000035E E8 00000616                     	CALL	_putfonts8_asc_sht
   382 00000363 8D 85 FFFFFC24                  	LEA	EAX,DWORD [-988+EBP]
   383 00000369 68 00000089                     	PUSH	137
   384 0000036E 50                              	PUSH	EAX
   385 0000036F 6A 67                           	PUSH	103
   386 00000371 68 00270018                     	PUSH	2555928
   387 00000376 C7 85 FFFFFC84 00000000         	MOV	DWORD [-892+EBP],0
   388 00000380 C7 85 FFFFFC88 40000000         	MOV	DWORD [-888+EBP],1073741824
   389 0000038A C7 85 FFFFFC14 00000000         	MOV	DWORD [-1004+EBP],0
   390 00000394 C7 85 FFFFFC18 40000000         	MOV	DWORD [-1000+EBP],1073741824
   391 0000039E E8 [00000000]                   	CALL	_set_segmdesc
   392 000003A3 8D 85 FFFFFBB4                  	LEA	EAX,DWORD [-1100+EBP]
   393 000003A9 83 C4 2C                        	ADD	ESP,44
   394 000003AC 68 00000089                     	PUSH	137
   395 000003B1 50                              	PUSH	EAX
   396 000003B2 6A 67                           	PUSH	103
   397 000003B4 68 00270020                     	PUSH	2555936
   398 000003B9 E8 [00000000]                   	CALL	_set_segmdesc
   399 000003BE 6A 18                           	PUSH	24
   400 000003C0 E8 [00000000]                   	CALL	_load_tr
   401 000003C5 68 00010000                     	PUSH	65536
   402 000003CA 68 003C0000                     	PUSH	3932160
   403 000003CF E8 [00000000]                   	CALL	_memman_alloc_4k
   404 000003D4 05 00010000                     	ADD	EAX,65536
   405 000003D9 C7 85 FFFFFBD4 [00000B36]       	MOV	DWORD [-1068+EBP],_task_b_main
   406 000003E3 C7 85 FFFFFBD8 00000202         	MOV	DWORD [-1064+EBP],514
   407 000003ED C7 85 FFFFFBDC 00000000         	MOV	DWORD [-1060+EBP],0
   408 000003F7 C7 85 FFFFFBE0 00000000         	MOV	DWORD [-1056+EBP],0
   409 00000401 C7 85 FFFFFBE4 00000000         	MOV	DWORD [-1052+EBP],0
   410 0000040B C7 85 FFFFFBE8 00000000         	MOV	DWORD [-1048+EBP],0
   411 00000415 89 85 FFFFFBEC                  	MOV	DWORD [-1044+EBP],EAX
   412 0000041B C7 85 FFFFFBF0 00000000         	MOV	DWORD [-1040+EBP],0
   413 00000425 C7 85 FFFFFBF4 00000000         	MOV	DWORD [-1036+EBP],0
   414 0000042F C7 85 FFFFFBF8 00000000         	MOV	DWORD [-1032+EBP],0
   415 00000439 C7 85 FFFFFBFC 00000008         	MOV	DWORD [-1028+EBP],8
   416 00000443 C7 85 FFFFFC00 00000010         	MOV	DWORD [-1024+EBP],16
   417 0000044D C7 85 FFFFFC04 00000008         	MOV	DWORD [-1020+EBP],8
   418 00000457 C7 85 FFFFFC08 00000008         	MOV	DWORD [-1016+EBP],8
   419 00000461 C7 85 FFFFFC0C 00000008         	MOV	DWORD [-1012+EBP],8
   420 0000046B C7 85 FFFFFC10 00000008         	MOV	DWORD [-1008+EBP],8
   421 00000475                                 L32:
   422 00000475 83 C4 1C                        	ADD	ESP,28
   423 00000478                                 L2:
   424 00000478 8D 75 D4                        	LEA	ESI,DWORD [-44+EBP]
   425 0000047B E8 [00000000]                   	CALL	_io_cli
   426 00000480 56                              	PUSH	ESI
   427 00000481 E8 [00000000]                   	CALL	_fifo32_status
   428 00000486 5A                              	POP	EDX
   429 00000487 85 C0                           	TEST	EAX,EAX
   430 00000489 0F 84 00000374                  	JE	L35
   431 0000048F 56                              	PUSH	ESI
   432 00000490 E8 [00000000]                   	CALL	_fifo32_get
   433 00000495 89 C3                           	MOV	EBX,EAX
   434 00000497 E8 [00000000]                   	CALL	_io_sti
   435 0000049C 58                              	POP	EAX
   436 0000049D 83 FB 02                        	CMP	EBX,2
   437 000004A0 0F 84 0000033F                  	JE	L36
   438 000004A6 8D 83 FFFFFF00                  	LEA	EAX,DWORD [-256+EBX]
   439 000004AC 3D 000000FF                     	CMP	EAX,255
   440 000004B1 0F 86 00000233                  	JBE	L37
   441 000004B7 8D 83 FFFFFE00                  	LEA	EAX,DWORD [-512+EBX]
   442 000004BD 3D 000000FF                     	CMP	EAX,255
   443 000004C2 0F 86 000000E2                  	JBE	L38
   444 000004C8 83 FB 0A                        	CMP	EBX,10
   445 000004CB 0F 84 000000CA                  	JE	L39
   446 000004D1 83 FB 03                        	CMP	EBX,3
   447 000004D4 0F 84 000000A2                  	JE	L40
   448 000004DA 83 FB 01                        	CMP	EBX,1
   449 000004DD 7F 99                           	JG	L2
   450 000004DF 85 DB                           	TEST	EBX,EBX
   451 000004E1 74 7C                           	JE	L30
   452 000004E3 6A 00                           	PUSH	0
   453 000004E5 56                              	PUSH	ESI
   454 000004E6 FF B5 FFFFFBB0                  	PUSH	DWORD [-1104+EBP]
   455 000004EC E8 [00000000]                   	CALL	_timer_init
   456 000004F1 C7 85 FFFFFBA0 00000000         	MOV	DWORD [-1120+EBP],0
   457 000004FB                                 L34:
   458 000004FB 83 C4 0C                        	ADD	ESP,12
   459 000004FE 6A 32                           	PUSH	50
   460 00000500 FF B5 FFFFFBB0                  	PUSH	DWORD [-1104+EBP]
   461 00000506 E8 [00000000]                   	CALL	_timer_settime
   462 0000050B 8B 95 FFFFFB90                  	MOV	EDX,DWORD [-1136+EBP]
   463 00000511 8B 85 FFFFFBA4                  	MOV	EAX,DWORD [-1116+EBP]
   464 00000517 6A 2B                           	PUSH	43
   465 00000519 83 C0 07                        	ADD	EAX,7
   466 0000051C 50                              	PUSH	EAX
   467 0000051D 6A 1C                           	PUSH	28
   468 0000051F FF B5 FFFFFBA4                  	PUSH	DWORD [-1116+EBP]
   469 00000525 FF B5 FFFFFBA0                  	PUSH	DWORD [-1120+EBP]
   470 0000052B FF 72 04                        	PUSH	DWORD [4+EDX]
   471 0000052E FF 32                           	PUSH	DWORD [EDX]
   472 00000530 E8 [00000000]                   	CALL	_boxfill8
   473 00000535 8B 85 FFFFFBA4                  	MOV	EAX,DWORD [-1116+EBP]
   474 0000053B 83 C4 24                        	ADD	ESP,36
   475 0000053E 83 C0 08                        	ADD	EAX,8
   476 00000541 6A 2C                           	PUSH	44
   477 00000543 50                              	PUSH	EAX
   478 00000544 6A 1C                           	PUSH	28
   479 00000546 FF B5 FFFFFBA4                  	PUSH	DWORD [-1116+EBP]
   480 0000054C FF B5 FFFFFB90                  	PUSH	DWORD [-1136+EBP]
   481 00000552 E8 [00000000]                   	CALL	_sheet_refresh
   482 00000557 83 C4 14                        	ADD	ESP,20
   483 0000055A E9 FFFFFF19                     	JMP	L2
   484 0000055F                                 L30:
   485 0000055F 6A 01                           	PUSH	1
   486 00000561 56                              	PUSH	ESI
   487 00000562 FF B5 FFFFFBB0                  	PUSH	DWORD [-1104+EBP]
   488 00000568 E8 [00000000]                   	CALL	_timer_init
   489 0000056D C7 85 FFFFFBA0 00000007         	MOV	DWORD [-1120+EBP],7
   490 00000577 E9 FFFFFF7F                     	JMP	L34
   491 0000057C                                 L40:
   492 0000057C 6A 06                           	PUSH	6
   493 0000057E 68 [00000080]                   	PUSH	LC7
   494 00000583 6A 0E                           	PUSH	14
   495 00000585 6A 07                           	PUSH	7
   496 00000587 6A 50                           	PUSH	80
   497 00000589                                 L33:
   498 00000589 6A 00                           	PUSH	0
   499 0000058B FF B5 FFFFFB98                  	PUSH	DWORD [-1128+EBP]
   500 00000591 E8 000003E3                     	CALL	_putfonts8_asc_sht
   501 00000596 E9 FFFFFEDA                     	JMP	L32
   502 0000059B                                 L39:
   503 0000059B 6A 07                           	PUSH	7
   504 0000059D 68 [00000087]                   	PUSH	LC6
   505 000005A2 6A 0E                           	PUSH	14
   506 000005A4 6A 07                           	PUSH	7
   507 000005A6 6A 40                           	PUSH	64
   508 000005A8 EB DF                           	JMP	L33
   509 000005AA                                 L38:
   510 000005AA 0F B6 C3                        	MOVZX	EAX,BL
   511 000005AD 50                              	PUSH	EAX
   512 000005AE 8D 85 FFFFFD94                  	LEA	EAX,DWORD [-620+EBP]
   513 000005B4 50                              	PUSH	EAX
   514 000005B5 E8 [00000000]                   	CALL	_mouse_decode
   515 000005BA 5A                              	POP	EDX
   516 000005BB 59                              	POP	ECX
   517 000005BC 85 C0                           	TEST	EAX,EAX
   518 000005BE 0F 84 FFFFFEB4                  	JE	L2
   519 000005C4 FF B5 FFFFFD9C                  	PUSH	DWORD [-612+EBP]
   520 000005CA FF B5 FFFFFD98                  	PUSH	DWORD [-616+EBP]
   521 000005D0 68 [0000008F]                   	PUSH	LC5
   522 000005D5 8D 5D A4                        	LEA	EBX,DWORD [-92+EBP]
   523 000005D8 53                              	PUSH	EBX
   524 000005D9 E8 [00000000]                   	CALL	_sprintf
   525 000005DE 83 C4 10                        	ADD	ESP,16
   526 000005E1 8B 85 FFFFFDA0                  	MOV	EAX,DWORD [-608+EBP]
   527 000005E7 A9 00000001                     	TEST	EAX,1
   528 000005EC 74 04                           	JE	L16
   529 000005EE C6 45 A5 4C                     	MOV	BYTE [-91+EBP],76
   530 000005F2                                 L16:
   531 000005F2 A9 00000002                     	TEST	EAX,2
   532 000005F7 74 04                           	JE	L17
   533 000005F9 C6 45 A7 52                     	MOV	BYTE [-89+EBP],82
   534 000005FD                                 L17:
   535 000005FD 83 E0 04                        	AND	EAX,4
   536 00000600 74 04                           	JE	L18
   537 00000602 C6 45 A6 43                     	MOV	BYTE [-90+EBP],67
   538 00000606                                 L18:
   539 00000606 6A 0F                           	PUSH	15
   540 00000608 53                              	PUSH	EBX
   541 00000609 6A 0E                           	PUSH	14
   542 0000060B 6A 07                           	PUSH	7
   543 0000060D 6A 10                           	PUSH	16
   544 0000060F 6A 20                           	PUSH	32
   545 00000611 FF B5 FFFFFB98                  	PUSH	DWORD [-1128+EBP]
   546 00000617 E8 0000035D                     	CALL	_putfonts8_asc_sht
   547 0000061C 8B 85 FFFFFD98                  	MOV	EAX,DWORD [-616+EBP]
   548 00000622 03 BD FFFFFD9C                  	ADD	EDI,DWORD [-612+EBP]
   549 00000628 83 C4 1C                        	ADD	ESP,28
   550 0000062B 01 85 FFFFFBA8                  	ADD	DWORD [-1112+EBP],EAX
   551 00000631 0F 88 000000A4                  	JS	L41
   552 00000637                                 L19:
   553 00000637 85 FF                           	TEST	EDI,EDI
   554 00000639 0F 88 00000095                  	JS	L42
   555 0000063F                                 L20:
   556 0000063F 0F BF 05 00000FF4               	MOVSX	EAX,WORD [4084]
   557 00000646 48                              	DEC	EAX
   558 00000647 39 85 FFFFFBA8                  	CMP	DWORD [-1112+EBP],EAX
   559 0000064D 7E 06                           	JLE	L21
   560 0000064F 89 85 FFFFFBA8                  	MOV	DWORD [-1112+EBP],EAX
   561 00000655                                 L21:
   562 00000655 0F BF 05 00000FF6               	MOVSX	EAX,WORD [4086]
   563 0000065C 48                              	DEC	EAX
   564 0000065D 39 C7                           	CMP	EDI,EAX
   565 0000065F 7E 02                           	JLE	L22
   566 00000661 89 C7                           	MOV	EDI,EAX
   567 00000663                                 L22:
   568 00000663 57                              	PUSH	EDI
   569 00000664 FF B5 FFFFFBA8                  	PUSH	DWORD [-1112+EBP]
   570 0000066A 68 [0000005B]                   	PUSH	LC1
   571 0000066F 53                              	PUSH	EBX
   572 00000670 E8 [00000000]                   	CALL	_sprintf
   573 00000675 6A 0A                           	PUSH	10
   574 00000677 53                              	PUSH	EBX
   575 00000678 6A 0E                           	PUSH	14
   576 0000067A 6A 07                           	PUSH	7
   577 0000067C 6A 00                           	PUSH	0
   578 0000067E 6A 00                           	PUSH	0
   579 00000680 FF B5 FFFFFB98                  	PUSH	DWORD [-1128+EBP]
   580 00000686 E8 000002EE                     	CALL	_putfonts8_asc_sht
   581 0000068B 83 C4 2C                        	ADD	ESP,44
   582 0000068E 57                              	PUSH	EDI
   583 0000068F FF B5 FFFFFBA8                  	PUSH	DWORD [-1112+EBP]
   584 00000695 FF B5 FFFFFB94                  	PUSH	DWORD [-1132+EBP]
   585 0000069B E8 [00000000]                   	CALL	_sheet_slide
   586 000006A0 83 C4 0C                        	ADD	ESP,12
   587 000006A3 F7 85 FFFFFDA0 00000001         	TEST	DWORD [-608+EBP],1
   588 000006AD 0F 84 FFFFFDC5                  	JE	L2
   589 000006B3 8D 47 F8                        	LEA	EAX,DWORD [-8+EDI]
   590 000006B6 50                              	PUSH	EAX
   591 000006B7 8B 85 FFFFFBA8                  	MOV	EAX,DWORD [-1112+EBP]
   592 000006BD 83 E8 50                        	SUB	EAX,80
   593 000006C0 50                              	PUSH	EAX
   594 000006C1 FF B5 FFFFFB90                  	PUSH	DWORD [-1136+EBP]
   595 000006C7 E8 [00000000]                   	CALL	_sheet_slide
   596 000006CC 83 C4 0C                        	ADD	ESP,12
   597 000006CF E9 FFFFFDA4                     	JMP	L2
   598 000006D4                                 L42:
   599 000006D4 31 FF                           	XOR	EDI,EDI
   600 000006D6 E9 FFFFFF64                     	JMP	L20
   601 000006DB                                 L41:
   602 000006DB C7 85 FFFFFBA8 00000000         	MOV	DWORD [-1112+EBP],0
   603 000006E5 E9 FFFFFF4D                     	JMP	L19
   604 000006EA                                 L37:
   605 000006EA 50                              	PUSH	EAX
   606 000006EB 8D 75 A4                        	LEA	ESI,DWORD [-92+EBP]
   607 000006EE 68 [0000009D]                   	PUSH	LC3
   608 000006F3 56                              	PUSH	ESI
   609 000006F4 E8 [00000000]                   	CALL	_sprintf
   610 000006F9 6A 02                           	PUSH	2
   611 000006FB 56                              	PUSH	ESI
   612 000006FC 6A 0E                           	PUSH	14
   613 000006FE 6A 07                           	PUSH	7
   614 00000700 6A 10                           	PUSH	16
   615 00000702 6A 00                           	PUSH	0
   616 00000704 FF B5 FFFFFB98                  	PUSH	DWORD [-1128+EBP]
   617 0000070A E8 0000026A                     	CALL	_putfonts8_asc_sht
   618 0000070F 83 C4 28                        	ADD	ESP,40
   619 00000712 81 FB 00000153                  	CMP	EBX,339
   620 00000718 7F 41                           	JG	L10
   621 0000071A 8A 83 [FFFFFF00]                	MOV	AL,BYTE [_keytable.0-256+EBX]
   622 00000720 84 C0                           	TEST	AL,AL
   623 00000722 74 37                           	JE	L10
   624 00000724 81 BD FFFFFBA4 0000008F         	CMP	DWORD [-1116+EBP],143
   625 0000072E 7F 2B                           	JG	L10
   626 00000730 6A 01                           	PUSH	1
   627 00000732 88 45 A4                        	MOV	BYTE [-92+EBP],AL
   628 00000735 56                              	PUSH	ESI
   629 00000736 6A 07                           	PUSH	7
   630 00000738 6A 00                           	PUSH	0
   631 0000073A 6A 1C                           	PUSH	28
   632 0000073C FF B5 FFFFFBA4                  	PUSH	DWORD [-1116+EBP]
   633 00000742 FF B5 FFFFFB90                  	PUSH	DWORD [-1136+EBP]
   634 00000748 C6 45 A5 00                     	MOV	BYTE [-91+EBP],0
   635 0000074C E8 00000228                     	CALL	_putfonts8_asc_sht
   636 00000751 83 C4 1C                        	ADD	ESP,28
   637 00000754 83 85 FFFFFBA4 08               	ADD	DWORD [-1116+EBP],8
   638 0000075B                                 L10:
   639 0000075B 81 FB 0000010E                  	CMP	EBX,270
   640 00000761 74 4C                           	JE	L43
   641 00000763                                 L12:
   642 00000763 8B 85 FFFFFBA4                  	MOV	EAX,DWORD [-1116+EBP]
   643 00000769 6A 2B                           	PUSH	43
   644 0000076B 83 C0 07                        	ADD	EAX,7
   645 0000076E 8B 9D FFFFFB90                  	MOV	EBX,DWORD [-1136+EBP]
   646 00000774 50                              	PUSH	EAX
   647 00000775 6A 1C                           	PUSH	28
   648 00000777 FF B5 FFFFFBA4                  	PUSH	DWORD [-1116+EBP]
   649 0000077D FF B5 FFFFFBA0                  	PUSH	DWORD [-1120+EBP]
   650 00000783 FF 73 04                        	PUSH	DWORD [4+EBX]
   651 00000786 FF 33                           	PUSH	DWORD [EBX]
   652 00000788 E8 [00000000]                   	CALL	_boxfill8
   653 0000078D 8B 85 FFFFFBA4                  	MOV	EAX,DWORD [-1116+EBP]
   654 00000793 6A 2C                           	PUSH	44
   655 00000795 83 C0 08                        	ADD	EAX,8
   656 00000798 50                              	PUSH	EAX
   657 00000799 6A 1C                           	PUSH	28
   658 0000079B FF B5 FFFFFBA4                  	PUSH	DWORD [-1116+EBP]
   659 000007A1 53                              	PUSH	EBX
   660 000007A2 E8 [00000000]                   	CALL	_sheet_refresh
   661 000007A7 83 C4 30                        	ADD	ESP,48
   662 000007AA E9 FFFFFCC9                     	JMP	L2
   663 000007AF                                 L43:
   664 000007AF 83 BD FFFFFBA4 08               	CMP	DWORD [-1116+EBP],8
   665 000007B6 7E AB                           	JLE	L12
   666 000007B8 6A 01                           	PUSH	1
   667 000007BA 68 [000000A2]                   	PUSH	LC4
   668 000007BF 6A 07                           	PUSH	7
   669 000007C1 6A 00                           	PUSH	0
   670 000007C3 6A 1C                           	PUSH	28
   671 000007C5 FF B5 FFFFFBA4                  	PUSH	DWORD [-1116+EBP]
   672 000007CB FF B5 FFFFFB90                  	PUSH	DWORD [-1136+EBP]
   673 000007D1 E8 000001A3                     	CALL	_putfonts8_asc_sht
   674 000007D6 83 C4 1C                        	ADD	ESP,28
   675 000007D9 83 AD FFFFFBA4 08               	SUB	DWORD [-1116+EBP],8
   676 000007E0 E9 FFFFFF7E                     	JMP	L12
   677 000007E5                                 L36:
   678 000007E5 6A 20                           	PUSH	32
   679 000007E7 6A 00                           	PUSH	0
   680 000007E9 E8 [00000000]                   	CALL	_farjmp
   681 000007EE 6A 02                           	PUSH	2
   682 000007F0 FF B5 FFFFFBAC                  	PUSH	DWORD [-1108+EBP]
   683 000007F6 E8 [00000000]                   	CALL	_timer_settime
   684 000007FB 83 C4 10                        	ADD	ESP,16
   685 000007FE E9 FFFFFC75                     	JMP	L2
   686 00000803                                 L35:
   687 00000803 E8 [00000000]                   	CALL	_io_stihlt
   688 00000808 E9 FFFFFC6B                     	JMP	L2
   689                                          [SECTION .data]
   690 000000A4                                 _closebtn.1:
   691 000000A4 4F 4F 4F 4F 4F 4F 4F 4F 4F 4F   	DB	"OOOOOOOOOOOOOOO@"
       000000AE 4F 4F 4F 4F 4F 40 
   692 000000B4 4F 51 51 51 51 51 51 51 51 51   	DB	"OQQQQQQQQQQQQQ$@"
       000000BE 51 51 51 51 24 40 
   693 000000C4 4F 51 51 51 51 51 51 51 51 51   	DB	"OQQQQQQQQQQQQQ$@"
       000000CE 51 51 51 51 24 40 
   694 000000D4 4F 51 51 51 40 40 51 51 51 51   	DB	"OQQQ@@QQQQ@@QQ$@"
       000000DE 40 40 51 51 24 40 
   695 000000E4 4F 51 51 51 51 40 40 51 51 40   	DB	"OQQQQ@@QQ@@QQQ$@"
       000000EE 40 51 51 51 24 40 
   696 000000F4 4F 51 51 51 51 51 40 40 40 40   	DB	"OQQQQQ@@@@QQQQ$@"
       000000FE 51 51 51 51 24 40 
   697 00000104 4F 51 51 51 51 51 51 40 40 51   	DB	"OQQQQQQ@@QQQQQ$@"
       0000010E 51 51 51 51 24 40 
   698 00000114 4F 51 51 51 51 51 40 40 40 40   	DB	"OQQQQQ@@@@QQQQ$@"
       0000011E 51 51 51 51 24 40 
   699 00000124 4F 51 51 51 51 40 40 51 51 40   	DB	"OQQQQ@@QQ@@QQQ$@"
       0000012E 40 51 51 51 24 40 
   700 00000134 4F 51 51 51 40 40 51 51 51 51   	DB	"OQQQ@@QQQQ@@QQ$@"
       0000013E 40 40 51 51 24 40 
   701 00000144 4F 51 51 51 51 51 51 51 51 51   	DB	"OQQQQQQQQQQQQQ$@"
       0000014E 51 51 51 51 24 40 
   702 00000154 4F 51 51 51 51 51 51 51 51 51   	DB	"OQQQQQQQQQQQQQ$@"
       0000015E 51 51 51 51 24 40 
   703 00000164 4F 24 24 24 24 24 24 24 24 24   	DB	"O$$$$$$$$$$$$$$@"
       0000016E 24 24 24 24 24 40 
   704 00000174 40 40 40 40 40 40 40 40 40 40   	DB	"@@@@@@@@@@@@@@@@"
       0000017E 40 40 40 40 40 40 
   705                                          [SECTION .text]
   706 0000080D                                 	GLOBAL	_make_window8
   707 0000080D                                 _make_window8:
   708 0000080D 55                              	PUSH	EBP
   709 0000080E 89 E5                           	MOV	EBP,ESP
   710 00000810 57                              	PUSH	EDI
   711 00000811 56                              	PUSH	ESI
   712 00000812 53                              	PUSH	EBX
   713 00000813 83 EC 14                        	SUB	ESP,20
   714 00000816 8B 5D 0C                        	MOV	EBX,DWORD [12+EBP]
   715 00000819 6A 00                           	PUSH	0
   716 0000081B 8D 43 FF                        	LEA	EAX,DWORD [-1+EBX]
   717 0000081E 8D 7B FE                        	LEA	EDI,DWORD [-2+EBX]
   718 00000821 50                              	PUSH	EAX
   719 00000822 89 45 EC                        	MOV	DWORD [-20+EBP],EAX
   720 00000825 6A 00                           	PUSH	0
   721 00000827 6A 00                           	PUSH	0
   722 00000829 6A 08                           	PUSH	8
   723 0000082B 53                              	PUSH	EBX
   724 0000082C FF 75 08                        	PUSH	DWORD [8+EBP]
   725 0000082F E8 [00000000]                   	CALL	_boxfill8
   726 00000834 6A 01                           	PUSH	1
   727 00000836 57                              	PUSH	EDI
   728 00000837 6A 01                           	PUSH	1
   729 00000839 6A 01                           	PUSH	1
   730 0000083B 6A 07                           	PUSH	7
   731 0000083D 53                              	PUSH	EBX
   732 0000083E FF 75 08                        	PUSH	DWORD [8+EBP]
   733 00000841 E8 [00000000]                   	CALL	_boxfill8
   734 00000846 8B 55 10                        	MOV	EDX,DWORD [16+EBP]
   735 00000849 83 C4 38                        	ADD	ESP,56
   736 0000084C 4A                              	DEC	EDX
   737 0000084D 89 55 E8                        	MOV	DWORD [-24+EBP],EDX
   738 00000850 52                              	PUSH	EDX
   739 00000851 6A 00                           	PUSH	0
   740 00000853 6A 00                           	PUSH	0
   741 00000855 6A 00                           	PUSH	0
   742 00000857 6A 08                           	PUSH	8
   743 00000859 53                              	PUSH	EBX
   744 0000085A FF 75 08                        	PUSH	DWORD [8+EBP]
   745 0000085D E8 [00000000]                   	CALL	_boxfill8
   746 00000862 8B 75 10                        	MOV	ESI,DWORD [16+EBP]
   747 00000865 83 EE 02                        	SUB	ESI,2
   748 00000868 56                              	PUSH	ESI
   749 00000869 6A 01                           	PUSH	1
   750 0000086B 6A 01                           	PUSH	1
   751 0000086D 6A 01                           	PUSH	1
   752 0000086F 6A 07                           	PUSH	7
   753 00000871 53                              	PUSH	EBX
   754 00000872 FF 75 08                        	PUSH	DWORD [8+EBP]
   755 00000875 E8 [00000000]                   	CALL	_boxfill8
   756 0000087A 83 C4 38                        	ADD	ESP,56
   757 0000087D 56                              	PUSH	ESI
   758 0000087E 57                              	PUSH	EDI
   759 0000087F 6A 01                           	PUSH	1
   760 00000881 57                              	PUSH	EDI
   761 00000882 6A 0F                           	PUSH	15
   762 00000884 53                              	PUSH	EBX
   763 00000885 FF 75 08                        	PUSH	DWORD [8+EBP]
   764 00000888 E8 [00000000]                   	CALL	_boxfill8
   765 0000088D FF 75 E8                        	PUSH	DWORD [-24+EBP]
   766 00000890 FF 75 EC                        	PUSH	DWORD [-20+EBP]
   767 00000893 6A 00                           	PUSH	0
   768 00000895 FF 75 EC                        	PUSH	DWORD [-20+EBP]
   769 00000898 6A 00                           	PUSH	0
   770 0000089A 53                              	PUSH	EBX
   771 0000089B FF 75 08                        	PUSH	DWORD [8+EBP]
   772 0000089E E8 [00000000]                   	CALL	_boxfill8
   773 000008A3 8B 45 10                        	MOV	EAX,DWORD [16+EBP]
   774 000008A6 83 C4 38                        	ADD	ESP,56
   775 000008A9 83 E8 03                        	SUB	EAX,3
   776 000008AC 50                              	PUSH	EAX
   777 000008AD 8D 43 FD                        	LEA	EAX,DWORD [-3+EBX]
   778 000008B0 50                              	PUSH	EAX
   779 000008B1 6A 02                           	PUSH	2
   780 000008B3 6A 02                           	PUSH	2
   781 000008B5 6A 08                           	PUSH	8
   782 000008B7 53                              	PUSH	EBX
   783 000008B8 FF 75 08                        	PUSH	DWORD [8+EBP]
   784 000008BB E8 [00000000]                   	CALL	_boxfill8
   785 000008C0 8D 43 FC                        	LEA	EAX,DWORD [-4+EBX]
   786 000008C3 6A 14                           	PUSH	20
   787 000008C5 50                              	PUSH	EAX
   788 000008C6 6A 03                           	PUSH	3
   789 000008C8 6A 03                           	PUSH	3
   790 000008CA 6A 0C                           	PUSH	12
   791 000008CC 53                              	PUSH	EBX
   792 000008CD FF 75 08                        	PUSH	DWORD [8+EBP]
   793 000008D0 E8 [00000000]                   	CALL	_boxfill8
   794 000008D5 83 C4 38                        	ADD	ESP,56
   795 000008D8 56                              	PUSH	ESI
   796 000008D9 57                              	PUSH	EDI
   797 000008DA 56                              	PUSH	ESI
   798 000008DB 6A 01                           	PUSH	1
   799 000008DD 6A 0F                           	PUSH	15
   800 000008DF 53                              	PUSH	EBX
   801 000008E0 FF 75 08                        	PUSH	DWORD [8+EBP]
   802 000008E3 E8 [00000000]                   	CALL	_boxfill8
   803 000008E8 FF 75 E8                        	PUSH	DWORD [-24+EBP]
   804 000008EB FF 75 EC                        	PUSH	DWORD [-20+EBP]
   805 000008EE FF 75 E8                        	PUSH	DWORD [-24+EBP]
   806 000008F1 6A 00                           	PUSH	0
   807 000008F3 6A 00                           	PUSH	0
   808 000008F5 6B F3 05                        	IMUL	ESI,EBX,5
   809 000008F8 53                              	PUSH	EBX
   810 000008F9 FF 75 08                        	PUSH	DWORD [8+EBP]
   811 000008FC E8 [00000000]                   	CALL	_boxfill8
   812 00000901 83 C4 38                        	ADD	ESP,56
   813 00000904 FF 75 14                        	PUSH	DWORD [20+EBP]
   814 00000907 6A 07                           	PUSH	7
   815 00000909 6A 04                           	PUSH	4
   816 0000090B 6A 18                           	PUSH	24
   817 0000090D 53                              	PUSH	EBX
   818 0000090E FF 75 08                        	PUSH	DWORD [8+EBP]
   819 00000911 E8 [00000000]                   	CALL	_putfonts8_asc
   820 00000916 83 C4 18                        	ADD	ESP,24
   821 00000919 C7 45 F0 00000000               	MOV	DWORD [-16+EBP],0
   822 00000920 C7 45 E0 00000000               	MOV	DWORD [-32+EBP],0
   823 00000927                                 L60:
   824 00000927 8D 04 1E                        	LEA	EAX,DWORD [ESI+EBX*1]
   825 0000092A 8B 55 08                        	MOV	EDX,DWORD [8+EBP]
   826 0000092D 31 FF                           	XOR	EDI,EDI
   827 0000092F 8D 4C 02 EB                     	LEA	ECX,DWORD [-21+EDX+EAX*1]
   828 00000933                                 L59:
   829 00000933 8B 45 E0                        	MOV	EAX,DWORD [-32+EBP]
   830 00000936 8A 94 07 [000000A4]             	MOV	DL,BYTE [_closebtn.1+EDI+EAX*1]
   831 0000093D 80 FA 40                        	CMP	DL,64
   832 00000940 74 33                           	JE	L65
   833 00000942 80 FA 24                        	CMP	DL,36
   834 00000945 74 2A                           	JE	L66
   835 00000947 80 FA 51                        	CMP	DL,81
   836 0000094A B2 08                           	MOV	DL,8
   837 0000094C 0F 95 C0                        	SETNE	AL
   838 0000094F 28 C2                           	SUB	DL,AL
   839 00000951                                 L54:
   840 00000951 47                              	INC	EDI
   841 00000952 88 11                           	MOV	BYTE [ECX],DL
   842 00000954 41                              	INC	ECX
   843 00000955 83 FF 0F                        	CMP	EDI,15
   844 00000958 7E D9                           	JLE	L59
   845 0000095A FF 45 F0                        	INC	DWORD [-16+EBP]
   846 0000095D 01 DE                           	ADD	ESI,EBX
   847 0000095F 83 45 E0 10                     	ADD	DWORD [-32+EBP],16
   848 00000963 83 7D F0 0D                     	CMP	DWORD [-16+EBP],13
   849 00000967 7E BE                           	JLE	L60
   850 00000969 8D 65 F4                        	LEA	ESP,DWORD [-12+EBP]
   851 0000096C 5B                              	POP	EBX
   852 0000096D 5E                              	POP	ESI
   853 0000096E 5F                              	POP	EDI
   854 0000096F 5D                              	POP	EBP
   855 00000970 C3                              	RET
   856 00000971                                 L66:
   857 00000971 B2 0F                           	MOV	DL,15
   858 00000973 EB DC                           	JMP	L54
   859 00000975                                 L65:
   860 00000975 31 D2                           	XOR	EDX,EDX
   861 00000977 EB D8                           	JMP	L54
   862 00000979                                 	GLOBAL	_putfonts8_asc_sht
   863 00000979                                 _putfonts8_asc_sht:
   864 00000979 55                              	PUSH	EBP
   865 0000097A 89 E5                           	MOV	EBP,ESP
   866 0000097C 57                              	PUSH	EDI
   867 0000097D 56                              	PUSH	ESI
   868 0000097E 53                              	PUSH	EBX
   869 0000097F 83 EC 0C                        	SUB	ESP,12
   870 00000982 8B 45 08                        	MOV	EAX,DWORD [8+EBP]
   871 00000985 8B 7D 10                        	MOV	EDI,DWORD [16+EBP]
   872 00000988 89 45 F0                        	MOV	DWORD [-16+EBP],EAX
   873 0000098B 8B 5D 14                        	MOV	EBX,DWORD [20+EBP]
   874 0000098E 8B 45 0C                        	MOV	EAX,DWORD [12+EBP]
   875 00000991 89 45 EC                        	MOV	DWORD [-20+EBP],EAX
   876 00000994 8B 45 1C                        	MOV	EAX,DWORD [28+EBP]
   877 00000997 89 45 E8                        	MOV	DWORD [-24+EBP],EAX
   878 0000099A 8D 47 0F                        	LEA	EAX,DWORD [15+EDI]
   879 0000099D 50                              	PUSH	EAX
   880 0000099E 8B 45 EC                        	MOV	EAX,DWORD [-20+EBP]
   881 000009A1 8B 75 20                        	MOV	ESI,DWORD [32+EBP]
   882 000009A4 0F BE DB                        	MOVSX	EBX,BL
   883 000009A7 8D 34 F0                        	LEA	ESI,DWORD [EAX+ESI*8]
   884 000009AA 8D 46 FF                        	LEA	EAX,DWORD [-1+ESI]
   885 000009AD 50                              	PUSH	EAX
   886 000009AE 57                              	PUSH	EDI
   887 000009AF FF 75 EC                        	PUSH	DWORD [-20+EBP]
   888 000009B2 0F B6 45 18                     	MOVZX	EAX,BYTE [24+EBP]
   889 000009B6 50                              	PUSH	EAX
   890 000009B7 8B 45 F0                        	MOV	EAX,DWORD [-16+EBP]
   891 000009BA FF 70 04                        	PUSH	DWORD [4+EAX]
   892 000009BD FF 30                           	PUSH	DWORD [EAX]
   893 000009BF E8 [00000000]                   	CALL	_boxfill8
   894 000009C4 FF 75 E8                        	PUSH	DWORD [-24+EBP]
   895 000009C7 53                              	PUSH	EBX
   896 000009C8 57                              	PUSH	EDI
   897 000009C9 FF 75 EC                        	PUSH	DWORD [-20+EBP]
   898 000009CC 8B 45 F0                        	MOV	EAX,DWORD [-16+EBP]
   899 000009CF FF 70 04                        	PUSH	DWORD [4+EAX]
   900 000009D2 FF 30                           	PUSH	DWORD [EAX]
   901 000009D4 E8 [00000000]                   	CALL	_putfonts8_asc
   902 000009D9 89 7D 10                        	MOV	DWORD [16+EBP],EDI
   903 000009DC 8D 47 10                        	LEA	EAX,DWORD [16+EDI]
   904 000009DF 89 75 14                        	MOV	DWORD [20+EBP],ESI
   905 000009E2 89 45 18                        	MOV	DWORD [24+EBP],EAX
   906 000009E5 83 C4 34                        	ADD	ESP,52
   907 000009E8 8B 45 EC                        	MOV	EAX,DWORD [-20+EBP]
   908 000009EB 89 45 0C                        	MOV	DWORD [12+EBP],EAX
   909 000009EE 8B 45 F0                        	MOV	EAX,DWORD [-16+EBP]
   910 000009F1 89 45 08                        	MOV	DWORD [8+EBP],EAX
   911 000009F4 8D 65 F4                        	LEA	ESP,DWORD [-12+EBP]
   912 000009F7 5B                              	POP	EBX
   913 000009F8 5E                              	POP	ESI
   914 000009F9 5F                              	POP	EDI
   915 000009FA 5D                              	POP	EBP
   916 000009FB E9 [00000000]                   	JMP	_sheet_refresh
   917 00000A00                                 	GLOBAL	_make_textbox8
   918 00000A00                                 _make_textbox8:
   919 00000A00 55                              	PUSH	EBP
   920 00000A01 89 E5                           	MOV	EBP,ESP
   921 00000A03 57                              	PUSH	EDI
   922 00000A04 56                              	PUSH	ESI
   923 00000A05 53                              	PUSH	EBX
   924 00000A06 83 EC 14                        	SUB	ESP,20
   925 00000A09 8B 45 0C                        	MOV	EAX,DWORD [12+EBP]
   926 00000A0C 8B 75 10                        	MOV	ESI,DWORD [16+EBP]
   927 00000A0F 03 45 14                        	ADD	EAX,DWORD [20+EBP]
   928 00000A12 83 EE 03                        	SUB	ESI,3
   929 00000A15 56                              	PUSH	ESI
   930 00000A16 89 45 F0                        	MOV	DWORD [-16+EBP],EAX
   931 00000A19 8B 45 10                        	MOV	EAX,DWORD [16+EBP]
   932 00000A1C 03 45 18                        	ADD	EAX,DWORD [24+EBP]
   933 00000A1F 89 45 EC                        	MOV	DWORD [-20+EBP],EAX
   934 00000A22 8B 45 F0                        	MOV	EAX,DWORD [-16+EBP]
   935 00000A25 40                              	INC	EAX
   936 00000A26 50                              	PUSH	EAX
   937 00000A27 89 45 E8                        	MOV	DWORD [-24+EBP],EAX
   938 00000A2A 8B 45 0C                        	MOV	EAX,DWORD [12+EBP]
   939 00000A2D 56                              	PUSH	ESI
   940 00000A2E 83 E8 02                        	SUB	EAX,2
   941 00000A31 50                              	PUSH	EAX
   942 00000A32 89 45 E4                        	MOV	DWORD [-28+EBP],EAX
   943 00000A35 8B 45 08                        	MOV	EAX,DWORD [8+EBP]
   944 00000A38 6A 0F                           	PUSH	15
   945 00000A3A FF 70 04                        	PUSH	DWORD [4+EAX]
   946 00000A3D FF 30                           	PUSH	DWORD [EAX]
   947 00000A3F E8 [00000000]                   	CALL	_boxfill8
   948 00000A44 8B 7D 0C                        	MOV	EDI,DWORD [12+EBP]
   949 00000A47 8B 45 EC                        	MOV	EAX,DWORD [-20+EBP]
   950 00000A4A 83 EF 03                        	SUB	EDI,3
   951 00000A4D 40                              	INC	EAX
   952 00000A4E 50                              	PUSH	EAX
   953 00000A4F 89 45 E0                        	MOV	DWORD [-32+EBP],EAX
   954 00000A52 57                              	PUSH	EDI
   955 00000A53 8B 45 08                        	MOV	EAX,DWORD [8+EBP]
   956 00000A56 56                              	PUSH	ESI
   957 00000A57 57                              	PUSH	EDI
   958 00000A58 6A 0F                           	PUSH	15
   959 00000A5A FF 70 04                        	PUSH	DWORD [4+EAX]
   960 00000A5D FF 30                           	PUSH	DWORD [EAX]
   961 00000A5F E8 [00000000]                   	CALL	_boxfill8
   962 00000A64 8B 45 08                        	MOV	EAX,DWORD [8+EBP]
   963 00000A67 83 C4 38                        	ADD	ESP,56
   964 00000A6A 8B 5D EC                        	MOV	EBX,DWORD [-20+EBP]
   965 00000A6D 83 C3 02                        	ADD	EBX,2
   966 00000A70 53                              	PUSH	EBX
   967 00000A71 FF 75 E8                        	PUSH	DWORD [-24+EBP]
   968 00000A74 53                              	PUSH	EBX
   969 00000A75 57                              	PUSH	EDI
   970 00000A76 6A 07                           	PUSH	7
   971 00000A78 FF 70 04                        	PUSH	DWORD [4+EAX]
   972 00000A7B FF 30                           	PUSH	DWORD [EAX]
   973 00000A7D E8 [00000000]                   	CALL	_boxfill8
   974 00000A82 8B 45 F0                        	MOV	EAX,DWORD [-16+EBP]
   975 00000A85 53                              	PUSH	EBX
   976 00000A86 83 C0 02                        	ADD	EAX,2
   977 00000A89 50                              	PUSH	EAX
   978 00000A8A 56                              	PUSH	ESI
   979 00000A8B 50                              	PUSH	EAX
   980 00000A8C 8B 45 08                        	MOV	EAX,DWORD [8+EBP]
   981 00000A8F 6A 07                           	PUSH	7
   982 00000A91 FF 70 04                        	PUSH	DWORD [4+EAX]
   983 00000A94 FF 30                           	PUSH	DWORD [EAX]
   984 00000A96 E8 [00000000]                   	CALL	_boxfill8
   985 00000A9B 8B 45 08                        	MOV	EAX,DWORD [8+EBP]
   986 00000A9E 83 C4 38                        	ADD	ESP,56
   987 00000AA1 8B 5D 10                        	MOV	EBX,DWORD [16+EBP]
   988 00000AA4 83 EB 02                        	SUB	EBX,2
   989 00000AA7 8B 7D 0C                        	MOV	EDI,DWORD [12+EBP]
   990 00000AAA 53                              	PUSH	EBX
   991 00000AAB 4F                              	DEC	EDI
   992 00000AAC FF 75 F0                        	PUSH	DWORD [-16+EBP]
   993 00000AAF 53                              	PUSH	EBX
   994 00000AB0 57                              	PUSH	EDI
   995 00000AB1 6A 00                           	PUSH	0
   996 00000AB3 FF 70 04                        	PUSH	DWORD [4+EAX]
   997 00000AB6 FF 30                           	PUSH	DWORD [EAX]
   998 00000AB8 E8 [00000000]                   	CALL	_boxfill8
   999 00000ABD 8B 45 08                        	MOV	EAX,DWORD [8+EBP]
  1000 00000AC0 FF 75 EC                        	PUSH	DWORD [-20+EBP]
  1001 00000AC3 FF 75 E4                        	PUSH	DWORD [-28+EBP]
  1002 00000AC6 53                              	PUSH	EBX
  1003 00000AC7 FF 75 E4                        	PUSH	DWORD [-28+EBP]
  1004 00000ACA 6A 00                           	PUSH	0
  1005 00000ACC FF 70 04                        	PUSH	DWORD [4+EAX]
  1006 00000ACF FF 30                           	PUSH	DWORD [EAX]
  1007 00000AD1 E8 [00000000]                   	CALL	_boxfill8
  1008 00000AD6 8B 45 08                        	MOV	EAX,DWORD [8+EBP]
  1009 00000AD9 83 C4 38                        	ADD	ESP,56
  1010 00000ADC FF 75 E0                        	PUSH	DWORD [-32+EBP]
  1011 00000ADF FF 75 F0                        	PUSH	DWORD [-16+EBP]
  1012 00000AE2 FF 75 E0                        	PUSH	DWORD [-32+EBP]
  1013 00000AE5 FF 75 E4                        	PUSH	DWORD [-28+EBP]
  1014 00000AE8 6A 08                           	PUSH	8
  1015 00000AEA FF 70 04                        	PUSH	DWORD [4+EAX]
  1016 00000AED FF 30                           	PUSH	DWORD [EAX]
  1017 00000AEF E8 [00000000]                   	CALL	_boxfill8
  1018 00000AF4 8B 45 08                        	MOV	EAX,DWORD [8+EBP]
  1019 00000AF7 FF 75 E0                        	PUSH	DWORD [-32+EBP]
  1020 00000AFA FF 75 E8                        	PUSH	DWORD [-24+EBP]
  1021 00000AFD 53                              	PUSH	EBX
  1022 00000AFE FF 75 E8                        	PUSH	DWORD [-24+EBP]
  1023 00000B01 6A 08                           	PUSH	8
  1024 00000B03 FF 70 04                        	PUSH	DWORD [4+EAX]
  1025 00000B06 FF 30                           	PUSH	DWORD [EAX]
  1026 00000B08 E8 [00000000]                   	CALL	_boxfill8
  1027 00000B0D 8B 45 10                        	MOV	EAX,DWORD [16+EBP]
  1028 00000B10 83 C4 38                        	ADD	ESP,56
  1029 00000B13 48                              	DEC	EAX
  1030 00000B14 FF 75 EC                        	PUSH	DWORD [-20+EBP]
  1031 00000B17 FF 75 F0                        	PUSH	DWORD [-16+EBP]
  1032 00000B1A 50                              	PUSH	EAX
  1033 00000B1B 57                              	PUSH	EDI
  1034 00000B1C 0F B6 45 1C                     	MOVZX	EAX,BYTE [28+EBP]
  1035 00000B20 50                              	PUSH	EAX
  1036 00000B21 8B 45 08                        	MOV	EAX,DWORD [8+EBP]
  1037 00000B24 FF 70 04                        	PUSH	DWORD [4+EAX]
  1038 00000B27 FF 30                           	PUSH	DWORD [EAX]
  1039 00000B29 E8 [00000000]                   	CALL	_boxfill8
  1040 00000B2E 8D 65 F4                        	LEA	ESP,DWORD [-12+EBP]
  1041 00000B31 5B                              	POP	EBX
  1042 00000B32 5E                              	POP	ESI
  1043 00000B33 5F                              	POP	EDI
  1044 00000B34 5D                              	POP	EBP
  1045 00000B35 C3                              	RET
  1046 00000B36                                 	GLOBAL	_task_b_main
  1047 00000B36                                 _task_b_main:
  1048 00000B36 55                              	PUSH	EBP
  1049 00000B37 89 E5                           	MOV	EBP,ESP
  1050 00000B39 56                              	PUSH	ESI
  1051 00000B3A 53                              	PUSH	EBX
  1052 00000B3B 81 EC 00000220                  	SUB	ESP,544
  1053 00000B41 8D 85 FFFFFDD8                  	LEA	EAX,DWORD [-552+EBP]
  1054 00000B47 8D 5D D8                        	LEA	EBX,DWORD [-40+EBP]
  1055 00000B4A 50                              	PUSH	EAX
  1056 00000B4B 68 00000080                     	PUSH	128
  1057 00000B50 53                              	PUSH	EBX
  1058 00000B51 E8 [00000000]                   	CALL	_fifo32_init
  1059 00000B56 E8 [00000000]                   	CALL	_timer_alloc
  1060 00000B5B 6A 01                           	PUSH	1
  1061 00000B5D 53                              	PUSH	EBX
  1062 00000B5E 89 C6                           	MOV	ESI,EAX
  1063 00000B60 50                              	PUSH	EAX
  1064 00000B61 E8 [00000000]                   	CALL	_timer_init
  1065 00000B66 6A 02                           	PUSH	2
  1066 00000B68 56                              	PUSH	ESI
  1067 00000B69 E8 [00000000]                   	CALL	_timer_settime
  1068 00000B6E 83 C4 20                        	ADD	ESP,32
  1069 00000B71                                 L70:
  1070 00000B71 8D 5D D8                        	LEA	EBX,DWORD [-40+EBP]
  1071 00000B74 E8 [00000000]                   	CALL	_io_cli
  1072 00000B79 53                              	PUSH	EBX
  1073 00000B7A E8 [00000000]                   	CALL	_fifo32_status
  1074 00000B7F 5A                              	POP	EDX
  1075 00000B80 85 C0                           	TEST	EAX,EAX
  1076 00000B82 74 27                           	JE	L76
  1077 00000B84 53                              	PUSH	EBX
  1078 00000B85 E8 [00000000]                   	CALL	_fifo32_get
  1079 00000B8A 89 C3                           	MOV	EBX,EAX
  1080 00000B8C E8 [00000000]                   	CALL	_io_sti
  1081 00000B91 59                              	POP	ECX
  1082 00000B92 4B                              	DEC	EBX
  1083 00000B93 75 DC                           	JNE	L70
  1084 00000B95 6A 18                           	PUSH	24
  1085 00000B97 6A 00                           	PUSH	0
  1086 00000B99 E8 [00000000]                   	CALL	_farjmp
  1087 00000B9E 6A 02                           	PUSH	2
  1088 00000BA0 56                              	PUSH	ESI
  1089 00000BA1 E8 [00000000]                   	CALL	_timer_settime
  1090 00000BA6 83 C4 10                        	ADD	ESP,16
  1091 00000BA9 EB C6                           	JMP	L70
  1092 00000BAB                                 L76:
  1093 00000BAB E8 [00000000]                   	CALL	_io_sti
  1094 00000BB0 E8 [00000000]                   	CALL	_io_hlt
  1095 00000BB5 EB BA                           	JMP	L70
